<?xml version="1.0" encoding="UTF-8"?>
<!-- Generated by org.testng.reporters.JUnitReportReporter -->
<testsuite hostname="58deMacBook-Pro.local" name="org.gradle.AppiumTest" tests="1" failures="0" timestamp="26 Aug 2015 09:30:36 GMT" time="30.642" errors="0">
  <testcase name="postMessage" time="30.642" classname="org.gradle.AppiumTest"/>
</testsuite> <!-- org.gradle.AppiumTest -->
